<?xml version="1.0" encoding="UTF-8"?>
<testng-results ignored="0" total="1" passed="1" failed="0" skipped="0">
  <reporter-output>
  </reporter-output>
  <suite started-at="2024-07-05T15:22:27 IST" name="Default suite" finished-at="2024-07-05T15:22:30 IST" duration-ms="2793">
    <groups>
    </groups>
    <test started-at="2024-07-05T15:22:27 IST" name="Default test" finished-at="2024-07-05T15:22:30 IST" duration-ms="2793">
      <class name="com.apitesting.MITINSTITUTEMANAGEMENTREACTPROJECT">
        <test-method signature="POSTRequest()[pri:0, instance:com.apitesting.MITINSTITUTEMANAGEMENTREACTPROJECT@6572421]" started-at="2024-07-05T15:22:27 IST" name="POSTRequest" finished-at="2024-07-05T15:22:30 IST" duration-ms="2740" status="PASS">
          <reporter-output>
          </reporter-output>
        </test-method> <!-- POSTRequest -->
      </class> <!-- com.apitesting.MITINSTITUTEMANAGEMENTREACTPROJECT -->
    </test> <!-- Default test -->
  </suite> <!-- Default suite -->
</testng-results>
