{
  "stats": {
    "suites": 0,
    "tests": 1,
    "passes": 0,
    "pending": 0,
    "failures": 1,
    "start": "2024-07-09T12:24:41.610Z",
    "end": "2024-07-09T12:24:41.626Z",
    "duration": 16,
    "testsRegistered": 1,
    "passPercent": 0,
    "pendingPercent": 0,
    "other": 0,
    "hasOther": false,
    "skipped": 0,
    "hasSkipped": false
  },
  "results": [
    {
      "uuid": "f33e8863-7a01-4fe7-8eb4-5da692ed6b8c",
      "title": "",
      "fullFile": "",
      "file": "C:\\Users\\vijayakumar.k\\Desktop\\Mokha-Child\\test\\chai.assert.js",
      "beforeHooks": [],
      "afterHooks": [],
      "tests": [
        {
          "title": "Assert Style",
          "fullTitle": "Assert Style",
          "timedOut": false,
          "duration": 0,
          "state": "failed",
          "speed": null,
          "pass": false,
          "fail": true,
          "pending": false,
          "context": null,
          "code": "assert.ok(false) \n   assert.isOk('everything', 'everything is ok'); \n   assert.typeOf(arr, 'array'); \n   assert.include(arr, 30, \"30 isn't there in the array\"); \n   assert.LengthOf(arr, 3, \"Length isn't 3\"); \n   assert.deepEqual(arr, [30,40,50]) \n   assert.equal(arr, [30,40,50]) \n   assert.sameOrderedMembers(arr, [30,40,50])",
          "err": {
            "message": "AssertionError: expected false to be truthy",
            "estack": "AssertionError: expected false to be truthy\n    at Context.<anonymous> (test\\chai.assert.js:34:12)\n    at process.processImmediate (node:internal/timers:478:21)",
            "diff": null
          },
          "uuid": "8e36ba11-5145-47c6-8cbe-aec3a9d9d6be",
          "parentUUID": "f33e8863-7a01-4fe7-8eb4-5da692ed6b8c",
          "isHook": false,
          "skipped": false
        }
      ],
      "suites": [],
      "passes": [],
      "failures": [
        "8e36ba11-5145-47c6-8cbe-aec3a9d9d6be"
      ],
      "pending": [],
      "skipped": [],
      "duration": 0,
      "root": true,
      "rootEmpty": false,
      "_timeout": 2000
    }
  ],
  "meta": {
    "mocha": {
      "version": "10.6.0"
    },
    "mochawesome": {
      "options": {
        "quiet": false,
        "reportFilename": "mochawesome",
        "saveHtml": true,
        "saveJson": true,
        "consoleReporter": "spec",
        "useInlineDiffs": false,
        "code": true
      },
      "version": "7.1.3"
    },
    "marge": {
      "options": {
        "reportDir": "Report",
        "reopenfilename": "Test_Report"
      },
      "version": "6.2.0"
    }
  }
}